<?xml version="1.0" encoding="UTF-8"?>
<testsuite xmlns:xsi="http://www.w3.org/2001/XMLSchema-instance" xsi:noNamespaceSchemaLocation="https://maven.apache.org/surefire/maven-surefire-plugin/xsd/surefire-test-report-3.0.xsd" version="3.0" name="com.fooddelivery.orders.OrderServiceApplicationTests" time="11.188" tests="1" errors="0" skipped="0" failures="0">
  <properties>
[...]
</properties>
  <testcase name="contextLoads" classname="com.fooddelivery.orders.OrderServiceApplicationTests" time="0.397">
    <system-out><![CDATA[01:21:05.366 [main] INFO org.springframework.test.context.support.AnnotationConfigContextLoaderUtils -- Could not detect default configuration classes for test class [com.fooddelivery.orders.OrderServiceApplicationTests]: OrderServiceApplicationTests does not declare any static, non-private, non-final, nested classes annotated with @Configuration.
01:21:05.448 [main] INFO org.springframework.boot.test.context.SpringBootTestContextBootstrapper -- Found @SpringBootConfiguration com.fooddelivery.orders.OrderServiceApplication for test class com.fooddelivery.orders.OrderServiceApplicationTests

  .   ____          _            __ _ _
 /\\ / ___'_ __ _ _(_)_ __  __ _ \ \ \ \
( ( )\___ | '_ | '_| | '_ \/ _` | \ \ \ \
 \\/  ___)| |_)| | | | | || (_| |  ) ) ) )
  '  |____| .__|_| |_|_| |_\__, | / / / /
 =========|_|==============|___/=/_/_/_/
 :: Spring Boot ::                (v3.2.5)

2026-09-18T01:21:05.881+07:00  INFO 34936 --- [order-service] [           main] c.f.orders.OrderServiceApplicationTests  : Starting OrderServiceApplicationTests using Java 21.0.4 with PID 34936 (started by ACER in C:\KLTN-Manh\food-delivery-backend\order-service)
2026-09-18T01:21:05.882+07:00  INFO 34936 --- [order-service] [           main] c.f.orders.OrderServiceApplicationTests  : The following 1 profile is active: "dev"
2026-09-18T01:21:06.460+07:00  INFO 34936 --- [order-service] [           main] .s.d.r.c.RepositoryConfigurationDelegate : Multiple Spring Data modules found, entering strict repository configuration mode
2026-09-18T01:21:06.461+07:00  INFO 34936 --- [order-service] [           main] .s.d.r.c.RepositoryConfigurationDelegate : Bootstrapping Spring Data MongoDB repositories in DEFAULT mode.
2026-09-18T01:21:06.494+07:00  INFO 34936 --- [order-service] [           main] .s.d.r.c.RepositoryConfigurationDelegate : Finished Spring Data repository scanning in 29 ms. Found 2 MongoDB repository interfaces.
2026-09-18T01:21:06.721+07:00  INFO 34936 --- [order-service] [           main] .s.d.r.c.RepositoryConfigurationDelegate : Multiple Spring Data modules found, entering strict repository configuration mode
2026-09-18T01:21:06.722+07:00  INFO 34936 --- [order-service] [           main] .s.d.r.c.RepositoryConfigurationDelegate : Bootstrapping Spring Data JPA repositories in DEFAULT mode.
2026-09-18T01:21:06.741+07:00  INFO 34936 --- [order-service] [           main] .RepositoryConfigurationExtensionSupport : Spring Data JPA - Could not safely identify store assignment for repository candidate interface com.fooddelivery.orders.repository.CommentLikeRepository; If you want this repository to be a JPA repository, consider annotating your entities with one of these annotations: jakarta.persistence.Entity, jakarta.persistence.MappedSuperclass (preferred), or consider extending one of the following types with your repository: org.springframework.data.jpa.repository.JpaRepository
2026-09-18T01:21:06.742+07:00  INFO 34936 --- [order-service] [           main] .RepositoryConfigurationExtensionSupport : Spring Data JPA - Could not safely identify store assignment for repository candidate interface com.fooddelivery.orders.repository.ReviewCommentRepository; If you want this repository to be a JPA repository, consider annotating your entities with one of these annotations: jakarta.persistence.Entity, jakarta.persistence.MappedSuperclass (preferred), or consider extending one of the following types with your repository: org.springframework.data.jpa.repository.JpaRepository
2026-09-18T01:21:06.742+07:00  INFO 34936 --- [order-service] [           main] .s.d.r.c.RepositoryConfigurationDelegate : Finished Spring Data repository scanning in 16 ms. Found 0 JPA repository interfaces.
2026-09-18T01:21:08.074+07:00  INFO 34936 --- [order-service] [           main] o.f.c.internal.license.VersionPrinter    : Flyway Community Edition 9.22.3 by Redgate
2026-09-18T01:21:08.074+07:00  INFO 34936 --- [order-service] [           main] o.f.c.internal.license.VersionPrinter    : See release notes here: https://rd.gt/416ObMi
2026-09-18T01:21:08.074+07:00  INFO 34936 --- [order-service] [           main] o.f.c.internal.license.VersionPrinter    : 
2026-09-18T01:21:08.644+07:00  INFO 34936 --- [order-service] [           main] org.flywaydb.core.FlywayExecutor         : Database: jdbc:postgresql://ep-billowing-silence-b30jkujt-pooler.c-4.ap-southeast-1.aws.neon.tech/order_db (PostgreSQL 18.6)
2026-09-18T01:21:08.934+07:00  WARN 34936 --- [order-service] [           main] o.f.c.internal.database.base.Database    : Flyway upgrade recommended: PostgreSQL 18.6 is newer than this version of Flyway and support has not been tested. The latest supported version of PostgreSQL is 15.
2026-09-18T01:21:09.257+07:00  INFO 34936 --- [order-service] [           main] o.f.core.internal.command.DbValidate     : Successfully validated 2 migrations (execution time 00:00.259s)
2026-09-18T01:21:10.384+07:00  INFO 34936 --- [order-service] [           main] o.f.core.internal.command.DbMigrate      : Current version of schema "orders": 1
2026-09-18T01:21:10.441+07:00  INFO 34936 --- [order-service] [           main] o.f.core.internal.command.DbMigrate      : Schema "orders" is up to date. No migration necessary.
2026-09-18T01:21:11.010+07:00  INFO 34936 --- [order-service] [           main] o.hibernate.jpa.internal.util.LogHelper  : HHH000204: Processing PersistenceUnitInfo [name: default]
2026-09-18T01:21:11.090+07:00  INFO 34936 --- [order-service] [           main] org.hibernate.Version                    : HHH000412: Hibernate ORM core version 6.4.4.Final
2026-09-18T01:21:11.137+07:00  INFO 34936 --- [order-service] [           main] o.h.c.internal.RegionFactoryInitiator    : HHH000026: Second-level cache disabled
2026-09-18T01:21:11.398+07:00  INFO 34936 --- [order-service] [           main] o.s.o.j.p.SpringPersistenceUnitInfo      : No LoadTimeWeaver setup: ignoring JPA class transformer
2026-09-18T01:21:11.426+07:00  INFO 34936 --- [order-service] [           main] com.zaxxer.hikari.HikariDataSource       : HikariPool-1 - Starting...
2026-09-18T01:21:12.030+07:00  INFO 34936 --- [order-service] [           main] com.zaxxer.hikari.pool.HikariPool        : HikariPool-1 - Added connection org.postgresql.jdbc.PgConnection@4c6fc3e7
2026-09-18T01:21:12.033+07:00  INFO 34936 --- [order-service] [           main] com.zaxxer.hikari.HikariDataSource       : HikariPool-1 - Start completed.
2026-09-18T01:21:12.124+07:00  WARN 34936 --- [order-service] [           main] org.hibernate.orm.deprecation            : HHH90000025: PostgreSQLDialect does not need to be specified explicitly using 'hibernate.dialect' (remove the property setting and it will be selected by default)
2026-09-18T01:21:13.127+07:00  INFO 34936 --- [order-service] [           main] o.h.e.t.j.p.i.JtaPlatformInitiator       : HHH000489: No JTA platform available (set 'hibernate.transaction.jta.platform' to enable JTA platform integration)
2026-09-18T01:21:13.595+07:00  INFO 34936 --- [order-service] [           main] j.LocalContainerEntityManagerFactoryBean : Initialized JPA EntityManagerFactory for persistence unit 'default'
2026-09-18T01:21:13.900+07:00  INFO 34936 --- [order-service] [           main] org.mongodb.driver.client                : MongoClient with metadata {"application": {"name": "Delivery-system"}, "driver": {"name": "mongo-java-driver|sync|spring-boot", "version": "4.11.2"}, "os": {"type": "Windows", "name": "Windows 11", "architecture": "amd64", "version": "10.0"}, "platform": "Java/Oracle Corporation/21.0.4+8-LTS-274"} created with settings MongoClientSettings{readPreference=primary, writeConcern=WriteConcern{w=majority, wTimeout=null ms, journal=null}, retryWrites=true, retryReads=true, readConcern=ReadConcern{level=null}, credential=MongoCredential{mechanism=null, userName='lananhhii121_db_user', source='admin', password=<hidden>, mechanismProperties=<hidden>}, transportSettings=null, streamFactoryFactory=null, commandListeners=[], codecRegistry=ProvidersCodecRegistry{codecProviders=[ValueCodecProvider{}, BsonValueCodecProvider{}, DBRefCodecProvider{}, DBObjectCodecProvider{}, DocumentCodecProvider{}, CollectionCodecProvider{}, IterableCodecProvider{}, MapCodecProvider{}, GeoJsonCodecProvider{}, GridFSFileCodecProvider{}, Jsr310CodecProvider{}, JsonObjectCodecProvider{}, BsonCodecProvider{}, EnumCodecProvider{}, com.mongodb.client.model.mql.ExpressionCodecProvider@7d7888a5, com.mongodb.Jep395RecordCodecProvider@6dcdc378, com.mongodb.KotlinCodecProvider@4accc3de]}, loggerSettings=LoggerSettings{maxDocumentLength=1000}, clusterSettings={hosts=[127.0.0.1:27017], srvHost=delivery-system.1fh7sey.mongodb.net, srvServiceName=mongodb, mode=MULTIPLE, requiredClusterType=REPLICA_SET, requiredReplicaSetName='atlas-afrpt0-shard-0', serverSelector='null', clusterListeners='[]', serverSelectionTimeout='30000 ms', localThreshold='15 ms'}, socketSettings=SocketSettings{connectTimeoutMS=10000, readTimeoutMS=0, receiveBufferSize=0, proxySettings=ProxySettings{host=null, port=null, username=null, password=null}}, heartbeatSocketSettings=SocketSettings{connectTimeoutMS=10000, readTimeoutMS=10000, receiveBufferSize=0, proxySettings=ProxySettings{host=null, port=null, username=null, password=null}}, connectionPoolSettings=ConnectionPoolSettings{maxSize=100, minSize=0, maxWaitTimeMS=120000, maxConnectionLifeTimeMS=0, maxConnectionIdleTimeMS=0, maintenanceInitialDelayMS=0, maintenanceFrequencyMS=60000, connectionPoolListeners=[], maxConnecting=2}, serverSettings=ServerSettings{heartbeatFrequencyMS=10000, minHeartbeatFrequencyMS=500, serverListeners='[]', serverMonitorListeners='[]'}, sslSettings=SslSettings{enabled=true, invalidHostNameAllowed=false, context=null}, applicationName='Delivery-system', compressorList=[], uuidRepresentation=JAVA_LEGACY, serverApi=null, autoEncryptionSettings=null, dnsClient=null, inetAddressResolver=null, contextProvider=null}
2026-09-18T01:21:13.941+07:00  INFO 34936 --- [order-service] [sey.mongodb.net] org.mongodb.driver.cluster               : Adding discovered server ac-iscsh4n-shard-00-01.1fh7sey.mongodb.net:27017 to client view of cluster
2026-09-18T01:21:13.971+07:00  INFO 34936 --- [order-service] [sey.mongodb.net] org.mongodb.driver.cluster               : Adding discovered server ac-iscsh4n-shard-00-02.1fh7sey.mongodb.net:27017 to client view of cluster
2026-09-18T01:21:13.976+07:00  INFO 34936 --- [order-service] [sey.mongodb.net] org.mongodb.driver.cluster               : Adding discovered server ac-iscsh4n-shard-00-00.1fh7sey.mongodb.net:27017 to client view of cluster
2026-09-18T01:21:14.196+07:00  INFO 34936 --- [order-service] [           main] org.mongodb.driver.cluster               : No server chosen by WritableServerSelector from cluster description ClusterDescription{type=REPLICA_SET, connectionMode=MULTIPLE, serverDescriptions=[ServerDescription{address=ac-iscsh4n-shard-00-02.1fh7sey.mongodb.net:27017, type=UNKNOWN, state=CONNECTING}, ServerDescription{address=ac-iscsh4n-shard-00-00.1fh7sey.mongodb.net:27017, type=UNKNOWN, state=CONNECTING}, ServerDescription{address=ac-iscsh4n-shard-00-01.1fh7sey.mongodb.net:27017, type=UNKNOWN, state=CONNECTING}]}. Waiting for 30000 ms before timing out
2026-09-18T01:21:14.347+07:00  INFO 34936 --- [order-service] [ngodb.net:27017] org.mongodb.driver.cluster               : Monitor thread successfully connected to server with description ServerDescription{address=ac-iscsh4n-shard-00-00.1fh7sey.mongodb.net:27017, type=REPLICA_SET_SECONDARY, state=CONNECTED, ok=true, minWireVersion=0, maxWireVersion=25, maxDocumentSize=16777216, logicalSessionTimeoutMinutes=30, roundTripTimeNanos=207915500, setName='atlas-afrpt0-shard-0', canonicalAddress=ac-iscsh4n-shard-00-00.1fh7sey.mongodb.net:27017, hosts=[ac-iscsh4n-shard-00-00.1fh7sey.mongodb.net:27017, ac-iscsh4n-shard-00-01.1fh7sey.mongodb.net:27017, ac-iscsh4n-shard-00-02.1fh7sey.mongodb.net:27017], passives=[], arbiters=[], primary='ac-iscsh4n-shard-00-02.1fh7sey.mongodb.net:27017', tagSet=TagSet{[Tag{name='availabilityZone', value='apse1-az2'}, Tag{name='cacheState', value='READY'}, Tag{name='diskState', value='READY'}, Tag{name='nodeType', value='ELECTABLE'}, Tag{name='provider', value='AWS'}, Tag{name='region', value='AP_SOUTHEAST_1'}, Tag{name='workloadType', value='OPERATIONAL'}]}, electionId=null, setVersion=296, topologyVersion=TopologyVersion{processId=6aa6cf389a9ec74c296cb7bf, counter=4}, lastWriteDate=Fri Sep 18 01:21:14 ICT 2026, lastUpdateTimeNanos=727243022407200}
2026-09-18T01:21:14.348+07:00  INFO 34936 --- [order-service] [ngodb.net:27017] org.mongodb.driver.cluster               : Monitor thread successfully connected to server with description ServerDescription{address=ac-iscsh4n-shard-00-01.1fh7sey.mongodb.net:27017, type=REPLICA_SET_SECONDARY, state=CONNECTED, ok=true, minWireVersion=0, maxWireVersion=25, maxDocumentSize=16777216, logicalSessionTimeoutMinutes=30, roundTripTimeNanos=159262400, setName='atlas-afrpt0-shard-0', canonicalAddress=ac-iscsh4n-shard-00-01.1fh7sey.mongodb.net:27017, hosts=[ac-iscsh4n-shard-00-00.1fh7sey.mongodb.net:27017, ac-iscsh4n-shard-00-01.1fh7sey.mongodb.net:27017, ac-iscsh4n-shard-00-02.1fh7sey.mongodb.net:27017], passives=[], arbiters=[], primary='ac-iscsh4n-shard-00-02.1fh7sey.mongodb.net:27017', tagSet=TagSet{[Tag{name='availabilityZone', value='apse1-az1'}, Tag{name='cacheState', value='READY'}, Tag{name='diskState', value='READY'}, Tag{name='nodeType', value='ELECTABLE'}, Tag{name='provider', value='AWS'}, Tag{name='region', value='AP_SOUTHEAST_1'}, Tag{name='workloadType', value='OPERATIONAL'}]}, electionId=null, setVersion=296, topologyVersion=TopologyVersion{processId=6aa6d0ce623a3f78fea47b5a, counter=3}, lastWriteDate=Fri Sep 18 01:21:14 ICT 2026, lastUpdateTimeNanos=727243026408600}
2026-09-18T01:21:14.398+07:00  INFO 34936 --- [order-service] [ngodb.net:27017] org.mongodb.driver.cluster               : Monitor thread successfully connected to server with description ServerDescription{address=ac-iscsh4n-shard-00-02.1fh7sey.mongodb.net:27017, type=REPLICA_SET_PRIMARY, state=CONNECTED, ok=true, minWireVersion=0, maxWireVersion=25, maxDocumentSize=16777216, logicalSessionTimeoutMinutes=30, roundTripTimeNanos=179201100, setName='atlas-afrpt0-shard-0', canonicalAddress=ac-iscsh4n-shard-00-02.1fh7sey.mongodb.net:27017, hosts=[ac-iscsh4n-shard-00-00.1fh7sey.mongodb.net:27017, ac-iscsh4n-shard-00-01.1fh7sey.mongodb.net:27017, ac-iscsh4n-shard-00-02.1fh7sey.mongodb.net:27017], passives=[], arbiters=[], primary='ac-iscsh4n-shard-00-02.1fh7sey.mongodb.net:27017', tagSet=TagSet{[Tag{name='availabilityZone', value='apse1-az3'}, Tag{name='cacheState', value='READY'}, Tag{name='diskState', value='READY'}, Tag{name='nodeType', value='ELECTABLE'}, Tag{name='provider', value='AWS'}, Tag{name='region', value='AP_SOUTHEAST_1'}, Tag{name='workloadType', value='OPERATIONAL'}]}, electionId=7fffffff000000000000012a, setVersion=296, topologyVersion=TopologyVersion{processId=6aa6cdeec6f92d3a5fd133a8, counter=6}, lastWriteDate=Fri Sep 18 01:21:14 ICT 2026, lastUpdateTimeNanos=727243076372200}
2026-09-18T01:21:14.398+07:00  INFO 34936 --- [order-service] [ngodb.net:27017] org.mongodb.driver.cluster               : Discovered replica set primary ac-iscsh4n-shard-00-02.1fh7sey.mongodb.net:27017 with max election id 7fffffff000000000000012a and max set version 296
2026-09-18T01:21:15.495+07:00  WARN 34936 --- [order-service] [           main] JpaBaseConfiguration$JpaWebConfiguration : spring.jpa.open-in-view is enabled by default. Therefore, database queries may be performed during view rendering. Explicitly configure spring.jpa.open-in-view to disable this warning
2026-09-18T01:21:15.996+07:00  INFO 34936 --- [order-service] [           main] c.f.orders.OrderServiceApplicationTests  : Started OrderServiceApplicationTests in 10.409 seconds (process running for 11.236)
]]></system-out>
    <system-err><![CDATA[WARNING: A Java agent has been loaded dynamically (C:\Users\ACER\.m2\repository\net\bytebuddy\byte-buddy-agent\1.14.13\byte-buddy-agent-1.14.13.jar)
WARNING: If a serviceability tool is in use, please run with -XX:+EnableDynamicAgentLoading to hide this warning
WARNING: If a serviceability tool is not in use, please run with -Djdk.instrument.traceUsage for more information
WARNING: Dynamic loading of agents will be disallowed by default in a future release
]]></system-err>
  </testcase>
</testsuite>